c:\users\mattykae\projects\fluid-sim\fluidsim\fluidsim\x64\debug\vc141.pdb
c:\users\mattykae\projects\fluid-sim\fluidsim\fluidsim\x64\debug\vc141.idb
c:\users\mattykae\projects\fluid-sim\fluidsim\fluidsim\x64\debug\texture.obj
c:\users\mattykae\projects\fluid-sim\fluidsim\fluidsim\x64\debug\smoke.obj
c:\users\mattykae\projects\fluid-sim\fluidsim\fluidsim\x64\debug\skybox.obj
c:\users\mattykae\projects\fluid-sim\fluidsim\fluidsim\x64\debug\scenereader.obj
c:\users\mattykae\projects\fluid-sim\fluidsim\fluidsim\x64\debug\scene.obj
c:\users\mattykae\projects\fluid-sim\fluidsim\fluidsim\x64\debug\physics.obj
c:\users\mattykae\projects\fluid-sim\fluidsim\fluidsim\x64\debug\model.obj
c:\users\mattykae\projects\fluid-sim\fluidsim\fluidsim\x64\debug\mesh.obj
c:\users\mattykae\projects\fluid-sim\fluidsim\fluidsim\x64\debug\material.obj
c:\users\mattykae\projects\fluid-sim\fluidsim\fluidsim\x64\debug\main.obj
c:\users\mattykae\projects\fluid-sim\fluidsim\fluidsim\x64\debug\light.obj
c:\users\mattykae\projects\fluid-sim\fluidsim\fluidsim\x64\debug\input.obj
c:\users\mattykae\projects\fluid-sim\fluidsim\fluidsim\x64\debug\imageutil.obj
c:\users\mattykae\projects\fluid-sim\fluidsim\fluidsim\x64\debug\depthvisualizer.obj
c:\users\mattykae\projects\fluid-sim\fluidsim\fluidsim\x64\debug\camera.obj
c:\users\mattykae\projects\fluid-sim\fluidsim\fluidsim\x64\debug\fluidsim.tlog\cl.command.1.tlog
c:\users\mattykae\projects\fluid-sim\fluidsim\fluidsim\x64\debug\fluidsim.tlog\cl.read.1.tlog
c:\users\mattykae\projects\fluid-sim\fluidsim\fluidsim\x64\debug\fluidsim.tlog\cl.write.1.tlog
