c:\users\mattykae\projects\fluid-sim\fluidsim\fluidsim\debug\vc142.pdb
c:\users\mattykae\projects\fluid-sim\fluidsim\fluidsim\debug\vc142.idb
c:\users\mattykae\projects\fluid-sim\fluidsim\fluidsim\debug\matrix4x4f.obj
c:\users\mattykae\projects\fluid-sim\fluidsim\fluidsim\debug\matrix3x3f.obj
c:\users\mattykae\projects\fluid-sim\fluidsim\fluidsim\debug\main.obj
c:\users\mattykae\projects\fluid-sim\fluidsim\fluidsim\debug\logger.obj
c:\users\mattykae\projects\fluid-sim\fluidsim\fluidsim\debug\input.obj
c:\users\mattykae\projects\fluid-sim\fluidsim\fluidsim\debug\imageutil.obj
c:\users\mattykae\projects\fluid-sim\fluidsim\fluidsim\debug\globalapplicationstate.obj
c:\users\mattykae\projects\fluid-sim\fluidsim\fluidsim\debug\functional.obj
c:\users\mattykae\projects\fluid-sim\fluidsim\fluidsim\debug\vector3f.obj
c:\users\mattykae\projects\fluid-sim\fluidsim\fluidsim\debug\vector2f.obj
c:\users\mattykae\projects\fluid-sim\fluidsim\fluidsim\debug\texture.obj
c:\users\mattykae\projects\fluid-sim\fluidsim\fluidsim\debug\opensimplexnoise.obj
c:\users\mattykae\projects\fluid-sim\fluidsim\fluidsim\debug\ray.obj
c:\users\mattykae\projects\fluid-sim\fluidsim\fluidsim\debug\randomizable.obj
c:\users\mattykae\projects\fluid-sim\fluidsim\fluidsim\debug\vector4f.obj
c:\users\mattykae\projects\fluid-sim\fluidsim\fluidsim\debug\fluidsim.tlog\cl.command.1.tlog
c:\users\mattykae\projects\fluid-sim\fluidsim\fluidsim\debug\fluidsim.tlog\cl.read.1.tlog
c:\users\mattykae\projects\fluid-sim\fluidsim\fluidsim\debug\fluidsim.tlog\cl.write.1.tlog
