  BoundText.cpp
  Box.cpp
  Button.cpp
  Camera.cpp
  ColladaFileLoader.cpp
  DebugRender.cpp
  DeferredGeometryBuffer.cpp
  Label.cpp
  Light.cpp
  Material.cpp
  Matrix3x3f.cpp
  Matrix4x4f.cpp
  Mesh.cpp
  Model.cpp
  ObjFileLoader.cpp
  Panel.cpp
  ParticleEmitter.cpp
C:\Users\mattykae\Projects\MatteEngine\src\ParticleEmitter.cpp(127,29): warning C4018: '<': signed/unsigned mismatch
  Ray.cpp
  Rectangle.cpp
  Scene.cpp
  Generating Code...
  Compiling...
  SceneLoader.cpp
  SceneUI.cpp
C:\Users\mattykae\Projects\MatteEngine\src\SceneUI.cpp(34,54): warning C4305: 'argument': truncation from 'double' to 'GLfloat'
C:\Users\mattykae\Projects\MatteEngine\src\SceneUI.cpp(35,50): warning C4305: 'argument': truncation from 'double' to 'GLfloat'
C:\Users\mattykae\Projects\MatteEngine\src\SceneUI.cpp(58,45): warning C4305: 'argument': truncation from 'double' to 'GLfloat'
C:\Users\mattykae\Projects\MatteEngine\src\SceneUI.cpp(69,54): warning C4305: 'argument': truncation from 'double' to 'GLfloat'
C:\Users\mattykae\Projects\MatteEngine\src\SceneUI.cpp(70,50): warning C4305: 'argument': truncation from 'double' to 'GLfloat'
C:\Users\mattykae\Projects\MatteEngine\src\SceneUI.cpp(97,52): warning C4305: 'argument': truncation from 'double' to 'GLfloat'
  Shader.cpp
  Skybox.cpp
  Sphere.cpp
  Terrain.cpp
C:\Users\mattykae\Projects\MatteEngine\src\Terrain.cpp(66,47): warning C4305: 'initializing': truncation from 'double' to 'GLfloat'
C:\Users\mattykae\Projects\MatteEngine\src\Terrain.cpp(71,79): warning C4244: 'argument': conversion from 'int' to 'GLfloat', possible loss of data
C:\Users\mattykae\Projects\MatteEngine\src\Terrain.cpp(71,60): warning C4244: 'argument': conversion from 'int' to 'GLfloat', possible loss of data
  TextInput.cpp
C:\Users\mattykae\Projects\MatteEngine\src\TextInput.cpp(141,135): warning C4838: conversion from 'GLint' to 'GLfloat' requires a narrowing conversion
C:\Users\mattykae\Projects\MatteEngine\src\TextInput.cpp(141,135): warning C4244: 'initializing': conversion from 'GLint' to 'GLfloat', possible loss of data
  TextRenderer.cpp
  UI.cpp
  UIContext.cpp
  main.cpp
  Generating Code...
  LINK : C:\Users\mattykae\Projects\MatteEngine\MatteEngine\Debug\MatteEngine.exe not found or not built by the last incremental link; performing full link
  MatteEngine.vcxproj -> C:\Users\mattykae\Projects\MatteEngine\MatteEngine\Debug\MatteEngine.exe
