c:\users\mattykae\projects\matteengine\matteengine\matteengine\debug\vc142.pdb
c:\users\mattykae\projects\matteengine\matteengine\matteengine\debug\vc142.idb
c:\users\mattykae\projects\matteengine\matteengine\matteengine\debug\model.obj
c:\users\mattykae\projects\matteengine\matteengine\matteengine\debug\mesh.obj
c:\users\mattykae\projects\matteengine\matteengine\matteengine\debug\matrix4x4f.obj
c:\users\mattykae\projects\matteengine\matteengine\matteengine\debug\matrix3x3f.obj
c:\users\mattykae\projects\matteengine\matteengine\matteengine\debug\material.obj
c:\users\mattykae\projects\matteengine\matteengine\matteengine\debug\main.obj
c:\users\mattykae\projects\matteengine\matteengine\matteengine\debug\logger.obj
c:\users\mattykae\projects\matteengine\matteengine\matteengine\debug\light.obj
c:\users\mattykae\projects\matteengine\matteengine\matteengine\debug\label.obj
c:\users\mattykae\projects\matteengine\matteengine\matteengine\debug\input.obj
c:\users\mattykae\projects\matteengine\matteengine\matteengine\debug\imageutil.obj
c:\users\mattykae\projects\matteengine\matteengine\matteengine\debug\globalapplicationstate.obj
c:\users\mattykae\projects\matteengine\matteengine\matteengine\debug\functional.obj
c:\users\mattykae\projects\matteengine\matteengine\matteengine\debug\deferredgeometrybuffer.obj
c:\users\mattykae\projects\matteengine\matteengine\matteengine\debug\colladafileloader.obj
c:\users\mattykae\projects\matteengine\matteengine\matteengine\debug\camera.obj
c:\users\mattykae\projects\matteengine\matteengine\matteengine\debug\button.obj
c:\users\mattykae\projects\matteengine\matteengine\matteengine\debug\box.obj
c:\users\mattykae\projects\matteengine\matteengine\matteengine\debug\boundtext.obj
c:\users\mattykae\projects\matteengine\matteengine\matteengine\debug\vector2f.obj
c:\users\mattykae\projects\matteengine\matteengine\matteengine\debug\uicontext.obj
c:\users\mattykae\projects\matteengine\matteengine\matteengine\debug\ui.obj
c:\users\mattykae\projects\matteengine\matteengine\matteengine\debug\texture.obj
c:\users\mattykae\projects\matteengine\matteengine\matteengine\debug\textrenderer.obj
c:\users\mattykae\projects\matteengine\matteengine\matteengine\debug\textinput.obj
c:\users\mattykae\projects\matteengine\matteengine\matteengine\debug\terrain.obj
c:\users\mattykae\projects\matteengine\matteengine\matteengine\debug\sphere.obj
c:\users\mattykae\projects\matteengine\matteengine\matteengine\debug\skybox.obj
c:\users\mattykae\projects\matteengine\matteengine\matteengine\debug\opensimplexnoise.obj
c:\users\mattykae\projects\matteengine\matteengine\matteengine\debug\shader.obj
c:\users\mattykae\projects\matteengine\matteengine\matteengine\debug\sceneui.obj
c:\users\mattykae\projects\matteengine\matteengine\matteengine\debug\sceneloader.obj
c:\users\mattykae\projects\matteengine\matteengine\matteengine\debug\scene.obj
c:\users\mattykae\projects\matteengine\matteengine\matteengine\debug\rectangle.obj
c:\users\mattykae\projects\matteengine\matteengine\matteengine\debug\ray.obj
c:\users\mattykae\projects\matteengine\matteengine\matteengine\debug\randomizable.obj
c:\users\mattykae\projects\matteengine\matteengine\matteengine\debug\particleemitter.obj
c:\users\mattykae\projects\matteengine\matteengine\matteengine\debug\panel.obj
c:\users\mattykae\projects\matteengine\matteengine\matteengine\debug\objfileloader.obj
c:\users\mattykae\projects\matteengine\matteengine\matteengine\debug\vector4f.obj
c:\users\mattykae\projects\matteengine\matteengine\matteengine\debug\vector3f.obj
c:\users\mattykae\projects\matteengine\matteengine\matteengine\debug\debugrender.obj
c:\users\mattykae\projects\matteengine\matteengine\debug\matteengine.ilk
c:\users\mattykae\projects\matteengine\matteengine\debug\matteengine.exe
c:\users\mattykae\projects\matteengine\matteengine\debug\matteengine.pdb
c:\users\mattykae\projects\matteengine\matteengine\matteengine\debug\vcpkg.applocal.log
c:\users\mattykae\projects\matteengine\matteengine\debug\freetyped.dll
c:\users\mattykae\projects\matteengine\matteengine\debug\zlibd1.dll
c:\users\mattykae\projects\matteengine\matteengine\debug\libbz2d.dll
c:\users\mattykae\projects\matteengine\matteengine\debug\libpng16d.dll
c:\users\mattykae\projects\matteengine\matteengine\debug\glew32d.dll
c:\users\mattykae\projects\matteengine\matteengine\debug\glfw3.dll
c:\users\mattykae\projects\matteengine\matteengine\matteengine\debug\matteengine.tlog\cl.command.1.tlog
c:\users\mattykae\projects\matteengine\matteengine\matteengine\debug\matteengine.tlog\cl.read.1.tlog
c:\users\mattykae\projects\matteengine\matteengine\matteengine\debug\matteengine.tlog\cl.write.1.tlog
c:\users\mattykae\projects\matteengine\matteengine\matteengine\debug\matteengine.tlog\link.command.1.tlog
c:\users\mattykae\projects\matteengine\matteengine\matteengine\debug\matteengine.tlog\link.read.1.tlog
c:\users\mattykae\projects\matteengine\matteengine\matteengine\debug\matteengine.tlog\link.write.1.tlog
c:\users\mattykae\projects\matteengine\matteengine\matteengine\debug\matteengine.tlog\matteengine.write.1u.tlog
