  Camera.cpp
c:\users\mattykae\projects\fluid-sim\src\camera.cpp(41): warning C4244: '+=': conversion from 'double' to 'float', possible loss of data
c:\users\mattykae\projects\fluid-sim\src\camera.cpp(48): warning C4244: '-=': conversion from 'double' to 'float', possible loss of data
c:\users\mattykae\projects\fluid-sim\src\camera.cpp(55): warning C4244: '+=': conversion from 'double' to 'float', possible loss of data
c:\users\mattykae\projects\fluid-sim\src\camera.cpp(58): warning C4244: '-=': conversion from 'double' to 'float', possible loss of data
  DepthVisualizer.cpp
  Light.cpp
c:\users\mattykae\projects\fluid-sim\src\light.cpp(211): warning C4244: '=': conversion from 'double' to 'T', possible loss of data
          with
          [
              T=float
          ]
  Particle.cpp
c:\users\mattykae\projects\fluid-sim\src\particle.cpp(30): warning C4244: 'initializing': conversion from 'double' to 'float', possible loss of data
c:\users\mattykae\projects\fluid-sim\src\particle.cpp(90): warning C4018: '<': signed/unsigned mismatch
  Scene.cpp
c:\users\mattykae\projects\fluid-sim\src\scene.cpp(40): warning C4305: '=': truncation from 'double' to 'float'
c:\users\mattykae\projects\fluid-sim\src\scene.cpp(47): warning C4305: 'argument': truncation from 'double' to 'T'
          with
          [
              T=float
          ]
c:\users\mattykae\projects\fluid-sim\src\scene.cpp(90): warning C4244: 'argument': conversion from 'double' to 'float', possible loss of data
c:\users\mattykae\projects\fluid-sim\src\scene.cpp(129): warning C4018: '<': signed/unsigned mismatch
  SceneReader.cpp
  Skybox.cpp
  Terrain.cpp
c:\users\mattykae\projects\fluid-sim\src\terrain.cpp(125): warning C4244: 'initializing': conversion from 'int' to 'float', possible loss of data
c:\users\mattykae\projects\fluid-sim\src\terrain.cpp(126): warning C4244: 'initializing': conversion from 'int' to 'float', possible loss of data
c:\users\mattykae\projects\fluid-sim\src\terrain.cpp(130): warning C4244: 'initializing': conversion from '_Rep' to 'unsigned int', possible loss of data
          with
          [
              _Rep=std::chrono::system_clock::rep
          ]
c:\users\mattykae\projects\fluid-sim\src\terrain.cpp(140): warning C4244: 'initializing': conversion from 'float' to 'unsigned int', possible loss of data
c:\users\mattykae\projects\fluid-sim\src\terrain.cpp(160): warning C4244: 'initializing': conversion from 'float' to 'unsigned int', possible loss of data
c:\users\mattykae\projects\fluid-sim\src\terrain.cpp(161): warning C4018: '<': signed/unsigned mismatch
c:\users\mattykae\projects\fluid-sim\src\terrain.cpp(162): warning C4018: '<': signed/unsigned mismatch
c:\users\mattykae\projects\fluid-sim\src\terrain.cpp(187): warning C4244: 'argument': conversion from 'float' to 'GLsizeiptr', possible loss of data
c:\users\mattykae\projects\fluid-sim\src\terrain.cpp(191): warning C4244: 'argument': conversion from 'float' to 'GLsizeiptr', possible loss of data
c:\users\mattykae\projects\fluid-sim\src\terrain.cpp(203): warning C4244: '=': conversion from 'float' to 'int', possible loss of data
  main.cpp
  Generating code
  57 of 2745 functions ( 2.1%) were compiled, the rest were copied from previous compilation.
    0 functions were new in current compilation
    2 functions had inline decision re-evaluated but remain unchanged
  Finished generating code
  FluidSim.vcxproj -> C:\Users\mattykae\Projects\Fluid-Sim\FluidSim\Release\FluidSim.exe
