c:\users\mattykae\projects\fluid-sim\fluidsim\fluidsim\debug\vc141.pdb
c:\users\mattykae\projects\fluid-sim\fluidsim\fluidsim\debug\vc141.idb
c:\users\mattykae\projects\fluid-sim\fluidsim\fluidsim\debug\texture.obj
c:\users\mattykae\projects\fluid-sim\fluidsim\fluidsim\debug\terrain.obj
c:\users\mattykae\projects\fluid-sim\fluidsim\fluidsim\debug\smoke.obj
c:\users\mattykae\projects\fluid-sim\fluidsim\fluidsim\debug\skybox.obj
c:\users\mattykae\projects\fluid-sim\fluidsim\fluidsim\debug\shader.obj
c:\users\mattykae\projects\fluid-sim\fluidsim\fluidsim\debug\scene.obj
c:\users\mattykae\projects\fluid-sim\fluidsim\fluidsim\debug\physics.obj
c:\users\mattykae\projects\fluid-sim\fluidsim\fluidsim\debug\particle.obj
c:\users\mattykae\projects\fluid-sim\fluidsim\fluidsim\debug\model.obj
c:\users\mattykae\projects\fluid-sim\fluidsim\fluidsim\debug\mesh.obj
c:\users\mattykae\projects\fluid-sim\fluidsim\fluidsim\debug\material.obj
c:\users\mattykae\projects\fluid-sim\fluidsim\fluidsim\debug\main.obj
c:\users\mattykae\projects\fluid-sim\fluidsim\fluidsim\debug\light.obj
c:\users\mattykae\projects\fluid-sim\fluidsim\fluidsim\debug\input.obj
c:\users\mattykae\projects\fluid-sim\fluidsim\fluidsim\debug\entity.obj
c:\users\mattykae\projects\fluid-sim\fluidsim\fluidsim\debug\camera.obj
c:\users\mattykae\projects\fluid-sim\fluidsim\fluidsim\debug\vcpkg.applocal.log
c:\users\mattykae\projects\fluid-sim\fluidsim\debug\assimp-vc140-mtd.dll
c:\users\mattykae\projects\fluid-sim\fluidsim\debug\zlibd1.dll
c:\users\mattykae\projects\fluid-sim\fluidsim\debug\glew32d.dll
c:\users\mattykae\projects\fluid-sim\fluidsim\debug\glfw3.dll
c:\users\mattykae\projects\fluid-sim\fluidsim\debug\fluidsim.ilk
c:\users\mattykae\projects\fluid-sim\fluidsim\debug\fluidsim.exe
c:\users\mattykae\projects\fluid-sim\fluidsim\debug\fluidsim.pdb
c:\users\mattykae\projects\fluid-sim\fluidsim\fluidsim\debug\fluidsim.tlog\cl.command.1.tlog
c:\users\mattykae\projects\fluid-sim\fluidsim\fluidsim\debug\fluidsim.tlog\cl.read.1.tlog
c:\users\mattykae\projects\fluid-sim\fluidsim\fluidsim\debug\fluidsim.tlog\cl.write.1.tlog
c:\users\mattykae\projects\fluid-sim\fluidsim\fluidsim\debug\fluidsim.tlog\fluidsim.write.1u.tlog
c:\users\mattykae\projects\fluid-sim\fluidsim\fluidsim\debug\fluidsim.tlog\link.command.1.tlog
c:\users\mattykae\projects\fluid-sim\fluidsim\fluidsim\debug\fluidsim.tlog\link.read.1.tlog
c:\users\mattykae\projects\fluid-sim\fluidsim\fluidsim\debug\fluidsim.tlog\link.write.1.tlog
